  field.cpp
c:\programming\gravityapp\gravity_simulation\gravity_simulation\field.cpp(123): warning C4305: '+=': truncation from 'double' to 'float'
c:\programming\gravityapp\gravity_simulation\gravity_simulation\field.cpp(138): warning C4305: '+=': truncation from 'double' to 'float'
c:\programming\gravityapp\gravity_simulation\gravity_simulation\field.cpp(176): warning C4554: '|': check operator precedence for possible error; use parentheses to clarify precedence
c:\programming\gravityapp\gravity_simulation\gravity_simulation\field.cpp(202): warning C4244: 'argument': conversion from 'float' to 'int', possible loss of data
c:\programming\gravityapp\gravity_simulation\gravity_simulation\field.cpp(206): warning C4554: '|': check operator precedence for possible error; use parentheses to clarify precedence
c:\programming\gravityapp\gravity_simulation\gravity_simulation\field.cpp(213): warning C4554: '|': check operator precedence for possible error; use parentheses to clarify precedence
c:\programming\gravityapp\gravity_simulation\gravity_simulation\field.cpp(222): warning C4244: 'argument': conversion from 'float' to 'int', possible loss of data
c:\programming\gravityapp\gravity_simulation\gravity_simulation\field.cpp(226): warning C4554: '|': check operator precedence for possible error; use parentheses to clarify precedence
c:\programming\gravityapp\gravity_simulation\gravity_simulation\field.cpp(229): warning C4554: '|': check operator precedence for possible error; use parentheses to clarify precedence
c:\programming\gravityapp\gravity_simulation\gravity_simulation\field.cpp(243): warning C4244: 'argument': conversion from 'float' to 'int', possible loss of data
c:\program files (x86)\microsoft visual studio\2017\community\vc\tools\msvc\14.11.25503\include\xmemory0(856): warning C4244: 'argument': conversion from 'int' to 'float', possible loss of data
  c:\program files (x86)\microsoft visual studio\2017\community\vc\tools\msvc\14.11.25503\include\vector(958): note: see reference to function template instantiation 'void std::_Default_allocator_traits<_Alloc>::construct<_Ty,int&,int&,int,int>(_Alloc &,_Objty *const ,int &,int &,int &&,int &&)' being compiled
          with
          [
              _Alloc=std::allocator<particle>,
              _Ty=particle,
              _Objty=particle
          ]
  c:\program files (x86)\microsoft visual studio\2017\community\vc\tools\msvc\14.11.25503\include\vector(958): note: see reference to function template instantiation 'void std::_Default_allocator_traits<_Alloc>::construct<_Ty,int&,int&,int,int>(_Alloc &,_Objty *const ,int &,int &,int &&,int &&)' being compiled
          with
          [
              _Alloc=std::allocator<particle>,
              _Ty=particle,
              _Objty=particle
          ]
  c:\programming\gravityapp\gravity_simulation\gravity_simulation\field.cpp(56): note: see reference to function template instantiation 'void std::vector<particle,std::allocator<_Ty>>::emplace_back<int&,int&,int,int>(int &,int &,int &&,int &&)' being compiled
          with
          [
              _Ty=particle
          ]
  Gravity_Simulation.vcxproj -> C:\Programming\GravityApp\Gravity_Simulation\x64\Debug\Gravity_Simulation.exe
